<?xml version="1.0" encoding="UTF-8"?>
<testsuite name="quantity.QuantityTest" tests="4" skipped="0" failures="0" errors="0" timestamp="2021-03-16T09:34:58" hostname="DEEKSHAREDDY" time="0.081">
  <properties/>
  <testcase name="testThrowsExceptionWhenQuantityValueIsNegative()" classname="quantity.QuantityTest" time="0.06"/>
  <testcase name="testThrowsExceptionWhenQuantityValueIsZero()" classname="quantity.QuantityTest" time="0.004"/>
  <testcase name="testIs1CentimeterNotEquals2Centimeter()" classname="quantity.QuantityTest" time="0.005"/>
  <testcase name="testIs1CentimeterEquals1Centimeter()" classname="quantity.QuantityTest" time="0.005"/>
  <system-out><![CDATA[]]></system-out>
  <system-err><![CDATA[]]></system-err>
</testsuite>
