<?xml version="1.0" encoding="UTF-8"?>
<testsuite name="quantity.TemperatureTest" tests="3" skipped="0" failures="0" errors="0" timestamp="2021-03-22T11:51:54" hostname="DEEKSHAREDDY" time="0.1">
  <properties/>
  <testcase name="testIf0CelsiusEquals273_15Kelvin()" classname="quantity.TemperatureTest" time="0.08"/>
  <testcase name="testIf1CelsiusNotEquals273Kelvin()" classname="quantity.TemperatureTest" time="0.008"/>
  <testcase name="testIf0CelsiusEquals32Fahrenheit()" classname="quantity.TemperatureTest" time="0.004"/>
  <system-out><![CDATA[]]></system-out>
  <system-err><![CDATA[]]></system-err>
</testsuite>
