<?xml version="1.0" encoding="UTF-8"?>
<testsuite name="quantity.MassQuantityTest" tests="11" skipped="0" failures="0" errors="0" timestamp="2021-03-17T12:15:06" hostname="DEEKSHAREDDY" time="0.159">
  <properties/>
  <testcase name="testAdditionOf10GramsAnd1KiloGramsEquals1010Grams()" classname="quantity.MassQuantityTest" time="0.072"/>
  <testcase name="testThrowsExceptionIfGreaterQuantitySubtractedFromSmallerQuantity()" classname="quantity.MassQuantityTest" time="0.019"/>
  <testcase name="test100KiloGramsNotEquals1Grams()" classname="quantity.MassQuantityTest" time="0.005"/>
  <testcase name="testIf1GramNotEquals2Gram()" classname="quantity.MassQuantityTest" time="0.002"/>
  <testcase name="testIs1GramEquals1Gram()" classname="quantity.MassQuantityTest" time="0.003"/>
  <testcase name="testAdditionOf1GramsAnd1KiloGramsNotEquals2Grams()" classname="quantity.MassQuantityTest" time="0.001"/>
  <testcase name="testSubtractionOf1_5KiloGramsAnd500GramsNotEquals500Grams()" classname="quantity.MassQuantityTest" time="0.002"/>
  <testcase name="testExceptionIfMassValueIsZero()" classname="quantity.MassQuantityTest" time="0.004"/>
  <testcase name="testExceptionIfMassValueIsNegative()" classname="quantity.MassQuantityTest" time="0.004"/>
  <testcase name="testSubtractionOf1_5KiloGramsAnd500GramsEquals1000Grams()" classname="quantity.MassQuantityTest" time="0.002"/>
  <testcase name="test0_1KiloGramsEquals100Grams()" classname="quantity.MassQuantityTest" time="0.007"/>
  <system-out><![CDATA[]]></system-out>
  <system-err><![CDATA[]]></system-err>
</testsuite>
