<?xml version="1.0" encoding="UTF-8"?>
<testsuite name="quantity.MassQuantityTest" tests="6" skipped="0" failures="0" errors="0" timestamp="2021-03-17T11:58:09" hostname="DEEKSHAREDDY" time="0.151">
  <properties/>
  <testcase name="test100KiloGramsNotEquals1Grams()" classname="quantity.MassQuantityTest" time="0.088"/>
  <testcase name="testIf1GramNotEquals2Gram()" classname="quantity.MassQuantityTest" time="0.011"/>
  <testcase name="testIs1GramEquals1Gram()" classname="quantity.MassQuantityTest" time="0.004"/>
  <testcase name="testExceptionIfMassValueIsZero()" classname="quantity.MassQuantityTest" time="0.008"/>
  <testcase name="testExceptionIfMassValueIsNegative()" classname="quantity.MassQuantityTest" time="0.006"/>
  <testcase name="test0_1KiloGramsEquals100Grams()" classname="quantity.MassQuantityTest" time="0.004"/>
  <system-out><![CDATA[]]></system-out>
  <system-err><![CDATA[]]></system-err>
</testsuite>
