<?xml version="1.0" encoding="UTF-8"?>
<testsuite name="quantity.TemperatureTest" tests="3" skipped="0" failures="0" errors="0" timestamp="2021-03-18T12:28:40" hostname="DEEKSHAREDDY" time="0.074">
  <properties/>
  <testcase name="testIf0CelsiusEquals273_15Kelvin()" classname="quantity.TemperatureTest" time="0.058"/>
  <testcase name="testIf1CelsiusNotEquals273Kelvin()" classname="quantity.TemperatureTest" time="0.007"/>
  <testcase name="testIf0CelsiusEquals32Fahrenheit()" classname="quantity.TemperatureTest" time="0.003"/>
  <system-out><![CDATA[0.0
0.0
1.0
-0.14999999999997726
0.0
0.0
]]></system-out>
  <system-err><![CDATA[]]></system-err>
</testsuite>
